E:\DIRECTX练习\BOMBMAN\BOMBMAN\DEBUG\BOMBMAN.EXE.EMBED.MANIFEST
E:\DIRECTX练习\BOMBMAN\BOMBMAN\DEBUG\BOMBMAN.EXE.EMBED.MANIFEST.RES
E:\DIRECTX练习\BOMBMAN\BOMBMAN\DEBUG\BOMBMAN.EXE.INTERMEDIATE.MANIFEST
E:\directx练习\BombMan\BombMan\Debug\BombMan.vcxprojResolveAssemblyReference.cache
E:\directx练习\BombMan\BombMan\Debug\BombMan.write.1.tlog
E:\directx练习\BombMan\BombMan\Debug\BombMan_manifest.rc
E:\directx练习\BombMan\BombMan\Debug\cl.command.1.tlog
E:\directx练习\BombMan\BombMan\Debug\CL.read.1.tlog
E:\directx练习\BombMan\BombMan\Debug\CL.write.1.tlog
E:\DIRECTX练习\BOMBMAN\BOMBMAN\DEBUG\D3DCLASS.OBJ
E:\DIRECTX练习\BOMBMAN\BOMBMAN\DEBUG\GAMESTATEINTERFACE.OBJ
E:\directx练习\BombMan\BombMan\Debug\link.3076.read.1.tlog
E:\directx练习\BombMan\BombMan\Debug\link.3076.write.1.tlog
E:\directx练习\BombMan\BombMan\Debug\link.3076-cvtres.read.1.tlog
E:\directx练习\BombMan\BombMan\Debug\link.3076-cvtres.write.1.tlog
E:\directx练习\BombMan\BombMan\Debug\link.command.1.tlog
E:\directx练习\BombMan\BombMan\Debug\link.read.1.tlog
E:\directx练习\BombMan\BombMan\Debug\link.write.1.tlog
E:\directx练习\BombMan\BombMan\Debug\link-cvtres.read.1.tlog
E:\directx练习\BombMan\BombMan\Debug\link-cvtres.write.1.tlog
E:\DIRECTX练习\BOMBMAN\BOMBMAN\DEBUG\LUACLASS.OBJ
E:\DIRECTX练习\BOMBMAN\BOMBMAN\DEBUG\MAIN.OBJ
E:\directx练习\BombMan\BombMan\Debug\mt.command.1.tlog
E:\directx练习\BombMan\BombMan\Debug\mt.read.1.tlog
E:\directx练习\BombMan\BombMan\Debug\mt.write.1.tlog
E:\directx练习\BombMan\BombMan\Debug\rc.command.1.tlog
E:\directx练习\BombMan\BombMan\Debug\rc.read.1.tlog
E:\directx练习\BombMan\BombMan\Debug\rc.write.1.tlog
E:\directx练习\BombMan\BombMan\Debug\vc100.idb
E:\DIRECTX练习\BOMBMAN\BOMBMAN\DEBUG\VC100.PDB
E:\DIRECTX练习\BOMBMAN\DEBUG\BOMBMAN.EXE
E:\directx练习\BombMan\Debug\BombMan.exp
E:\DIRECTX练习\BOMBMAN\DEBUG\BOMBMAN.ILK
E:\directx练习\BombMan\Debug\BombMan.lib
E:\DIRECTX练习\BOMBMAN\DEBUG\BOMBMAN.PDB
